{"level":30,"time":"2024-08-20T14:40:56+05:30","pid":4308,"hostname":"sunder-kirei","msg":"Server listening on http:/localhost:3000"}
{"level":30,"time":"2024-08-20T14:42:44+05:30","pid":12036,"hostname":"sunder-kirei","msg":"Server listening on http:/localhost:3000"}
{"level":30,"time":"2024-08-20T14:43:00+05:30","pid":12592,"hostname":"sunder-kirei","msg":"Server listening on http:/localhost:3000"}
{"level":30,"time":"2024-08-20T14:43:08+05:30","pid":11868,"hostname":"sunder-kirei","msg":"Server listening on http:/localhost:3000"}
{"level":30,"time":"2024-08-20T14:43:58+05:30","pid":10064,"hostname":"sunder-kirei","msg":"Server listening on http:/localhost:3000"}
{"level":30,"time":"2024-08-20T14:45:45+05:30","pid":3848,"hostname":"sunder-kirei","msg":"Server listening on http:/localhost:3000"}
{"level":30,"time":"2024-08-20T14:45:54+05:30","pid":9044,"hostname":"sunder-kirei","msg":"Server listening on http:/localhost:3000"}
{"level":30,"time":"2024-08-20T14:46:45+05:30","pid":8216,"hostname":"sunder-kirei","msg":"Server listening on http:/localhost:3000"}
{"level":30,"time":"2024-08-20T14:46:56+05:30","pid":8328,"hostname":"sunder-kirei","msg":"Server listening on http:/localhost:3000"}
{"level":30,"time":"2024-08-20T14:47:24+05:30","pid":10876,"hostname":"sunder-kirei","msg":"Server listening on http:/localhost:3000"}
{"level":30,"time":"2024-08-20T14:48:01+05:30","pid":4780,"hostname":"sunder-kirei","msg":"Server listening on http:/localhost:3000"}
{"level":30,"time":"2024-08-20T14:48:12+05:30","pid":10552,"hostname":"sunder-kirei","msg":"Server listening on http:/localhost:3000"}
{"level":30,"time":"2024-08-20T14:48:46+05:30","pid":3708,"hostname":"sunder-kirei","msg":"Server listening on http:/localhost:3000"}
{"level":30,"time":"2024-08-20T14:48:58+05:30","pid":16540,"hostname":"sunder-kirei","msg":"Server listening on http:/localhost:3000"}
{"level":30,"time":"2024-08-20T15:27:49+05:30","pid":5724,"hostname":"sunder-kirei","msg":"Server listening on http:/localhost:3000"}
{"level":30,"time":"2024-08-20T15:29:54+05:30","pid":11844,"hostname":"sunder-kirei","msg":"Server listening on http:/localhost:3000"}
{"level":30,"time":"2024-08-20T20:00:10+05:30","pid":3712,"hostname":"sunder-kirei","msg":"Server listening on http:/localhost:3000"}
{"level":30,"time":"2024-08-20T20:02:26+05:30","pid":11400,"hostname":"sunder-kirei","msg":"Server listening on http:/localhost:3000"}
{"level":30,"time":"2024-08-20T20:05:46+05:30","pid":12328,"hostname":"sunder-kirei","msg":"Server listening on http:/localhost:3000"}
{"level":30,"time":"2024-08-20T20:07:35+05:30","pid":2600,"hostname":"sunder-kirei","msg":"Server listening on http:/localhost:3000"}
{"level":30,"time":"2024-08-20T20:08:49+05:30","pid":4940,"hostname":"sunder-kirei","msg":"Server listening on http:/localhost:3000"}
{"level":30,"time":"2024-08-20T20:09:33+05:30","pid":9348,"hostname":"sunder-kirei","msg":"Server listening on http:/localhost:3000"}
{"level":30,"time":"2024-08-20T20:09:52+05:30","pid":17532,"hostname":"sunder-kirei","msg":"Server listening on http:/localhost:3000"}
{"level":30,"time":"2024-08-20T20:10:14+05:30","pid":9080,"hostname":"sunder-kirei","msg":"DB connected"}
{"level":30,"time":"2024-08-20T20:10:14+05:30","pid":9080,"hostname":"sunder-kirei","msg":"Server listening on http:/localhost:3000"}
{"level":30,"time":"2024-08-20T20:11:31+05:30","pid":13920,"hostname":"sunder-kirei","msg":"DB connected"}
{"level":30,"time":"2024-08-20T20:11:31+05:30","pid":13920,"hostname":"sunder-kirei","msg":"Server listening on http:/localhost:3000"}
{"level":30,"time":"2024-08-20T20:12:52+05:30","pid":5884,"hostname":"sunder-kirei","msg":"DB connected"}
{"level":30,"time":"2024-08-20T20:12:52+05:30","pid":5884,"hostname":"sunder-kirei","msg":"Server listening on http:/localhost:3000"}
{"level":30,"time":"2024-08-20T20:15:49+05:30","pid":12992,"hostname":"sunder-kirei","msg":"DB connected"}
{"level":30,"time":"2024-08-20T20:15:49+05:30","pid":12992,"hostname":"sunder-kirei","msg":"Server listening on http:/localhost:3000"}
{"level":30,"time":"2024-08-20T20:21:43+05:30","pid":17932,"hostname":"sunder-kirei","msg":"DB connected"}
{"level":30,"time":"2024-08-20T20:21:43+05:30","pid":17932,"hostname":"sunder-kirei","msg":"Server listening on http:/localhost:3000"}
{"level":30,"time":"2024-08-20T20:22:04+05:30","pid":15604,"hostname":"sunder-kirei","msg":"DB connected"}
{"level":30,"time":"2024-08-20T20:22:04+05:30","pid":15604,"hostname":"sunder-kirei","msg":"Server listening on http:/localhost:3000"}
{"level":30,"time":"2024-08-20T20:23:13+05:30","pid":8780,"hostname":"sunder-kirei","msg":"DB connected"}
{"level":30,"time":"2024-08-20T20:23:13+05:30","pid":8780,"hostname":"sunder-kirei","msg":"Server listening on http:/localhost:3000"}
{"level":30,"time":"2024-08-20T20:25:07+05:30","pid":1988,"hostname":"sunder-kirei","msg":"DB connected"}
{"level":30,"time":"2024-08-20T20:25:07+05:30","pid":1988,"hostname":"sunder-kirei","msg":"Server listening on http:/localhost:3000"}
{"level":30,"time":"2024-08-20T20:26:24+05:30","pid":4324,"hostname":"sunder-kirei","msg":"DB connected"}
{"level":30,"time":"2024-08-20T20:26:24+05:30","pid":4324,"hostname":"sunder-kirei","msg":"Server listening on http:/localhost:3000"}
{"level":30,"time":"2024-08-20T20:26:42+05:30","pid":10008,"hostname":"sunder-kirei","msg":"DB connected"}
{"level":30,"time":"2024-08-20T20:26:42+05:30","pid":10008,"hostname":"sunder-kirei","msg":"Server listening on http:/localhost:3000"}
{"level":50,"time":"2024-08-20T20:27:24+05:30","pid":10008,"hostname":"sunder-kirei","err":{"type":"JsonWebTokenError","message":"invalid algorithm","stack":"JsonWebTokenError: invalid algorithm\n    at D:\\Work\\video-conference\\server\\node_modules\\jsonwebtoken\\verify.js:145:19\n    at getSecret (D:\\Work\\video-conference\\server\\node_modules\\jsonwebtoken\\verify.js:97:14)\n    at module.exports [as verify] (D:\\Work\\video-conference\\server\\node_modules\\jsonwebtoken\\verify.js:101:10)\n    at verifyJWT (D:\\Work\\video-conference\\server\\dist\\lib\\jwt.js:21:48)\n    at D:\\Work\\video-conference\\server\\dist\\middleware\\deserializeUser.js:29:58\n    at Generator.next (<anonymous>)\n    at D:\\Work\\video-conference\\server\\dist\\middleware\\deserializeUser.js:8:71\n    at new Promise (<anonymous>)\n    at __awaiter (D:\\Work\\video-conference\\server\\dist\\middleware\\deserializeUser.js:4:12)\n    at deserializeUser (D:\\Work\\video-conference\\server\\dist\\middleware\\deserializeUser.js:21:12)","name":"JsonWebTokenError"},"msg":"invalid algorithm"}
{"level":30,"time":"2024-08-20T20:28:22+05:30","pid":6604,"hostname":"sunder-kirei","msg":"DB connected"}
{"level":30,"time":"2024-08-20T20:28:22+05:30","pid":6604,"hostname":"sunder-kirei","msg":"Server listening on http:/localhost:3000"}
{"level":30,"time":"2024-08-20T20:29:21+05:30","pid":6528,"hostname":"sunder-kirei","msg":"DB connected"}
{"level":30,"time":"2024-08-20T20:29:21+05:30","pid":6528,"hostname":"sunder-kirei","msg":"Server listening on http:/localhost:3000"}
{"level":30,"time":"2024-08-20T20:30:15+05:30","pid":17704,"hostname":"sunder-kirei","msg":"DB connected"}
{"level":30,"time":"2024-08-20T20:30:15+05:30","pid":17704,"hostname":"sunder-kirei","msg":"Server listening on http:/localhost:3000"}
{"level":30,"time":"2024-08-20T20:31:23+05:30","pid":11028,"hostname":"sunder-kirei","msg":"DB connected"}
{"level":30,"time":"2024-08-20T20:31:23+05:30","pid":11028,"hostname":"sunder-kirei","msg":"Server listening on http:/localhost:3000"}
{"level":30,"time":"2024-08-20T20:33:06+05:30","pid":12244,"hostname":"sunder-kirei","msg":"DB connected"}
{"level":30,"time":"2024-08-20T20:33:06+05:30","pid":12244,"hostname":"sunder-kirei","msg":"Server listening on http:/localhost:3000"}
{"level":30,"time":"2024-08-20T20:33:22+05:30","pid":10188,"hostname":"sunder-kirei","msg":"DB connected"}
{"level":30,"time":"2024-08-20T20:33:22+05:30","pid":10188,"hostname":"sunder-kirei","msg":"Server listening on http:/localhost:3000"}
{"level":30,"time":"2024-08-20T20:33:54+05:30","pid":656,"hostname":"sunder-kirei","msg":"DB connected"}
{"level":30,"time":"2024-08-20T20:33:54+05:30","pid":656,"hostname":"sunder-kirei","msg":"Server listening on http:/localhost:3000"}
{"level":50,"time":"2024-08-20T20:34:26+05:30","pid":656,"hostname":"sunder-kirei","err":{"type":"JsonWebTokenError","message":"invalid algorithm","stack":"JsonWebTokenError: invalid algorithm\n    at D:\\Work\\video-conference\\server\\node_modules\\jsonwebtoken\\verify.js:145:19\n    at getSecret (D:\\Work\\video-conference\\server\\node_modules\\jsonwebtoken\\verify.js:97:14)\n    at module.exports [as verify] (D:\\Work\\video-conference\\server\\node_modules\\jsonwebtoken\\verify.js:101:10)\n    at verifyJWT (D:\\Work\\video-conference\\server\\dist\\lib\\jwt.js:22:48)\n    at D:\\Work\\video-conference\\server\\dist\\middleware\\deserializeUser.js:29:58\n    at Generator.next (<anonymous>)\n    at D:\\Work\\video-conference\\server\\dist\\middleware\\deserializeUser.js:8:71\n    at new Promise (<anonymous>)\n    at __awaiter (D:\\Work\\video-conference\\server\\dist\\middleware\\deserializeUser.js:4:12)\n    at deserializeUser (D:\\Work\\video-conference\\server\\dist\\middleware\\deserializeUser.js:21:12)","name":"JsonWebTokenError"},"msg":"invalid algorithm"}
{"level":30,"time":"2024-08-20T20:35:49+05:30","pid":9320,"hostname":"sunder-kirei","msg":"DB connected"}
{"level":30,"time":"2024-08-20T20:35:49+05:30","pid":9320,"hostname":"sunder-kirei","msg":"Server listening on http:/localhost:3000"}
{"level":50,"time":"2024-08-20T20:35:51+05:30","pid":9320,"hostname":"sunder-kirei","err":{"type":"JsonWebTokenError","message":"invalid algorithm","stack":"JsonWebTokenError: invalid algorithm\n    at D:\\Work\\video-conference\\server\\node_modules\\jsonwebtoken\\verify.js:145:19\n    at getSecret (D:\\Work\\video-conference\\server\\node_modules\\jsonwebtoken\\verify.js:97:14)\n    at module.exports [as verify] (D:\\Work\\video-conference\\server\\node_modules\\jsonwebtoken\\verify.js:101:10)\n    at verifyJWT (D:\\Work\\video-conference\\server\\dist\\lib\\jwt.js:22:48)\n    at D:\\Work\\video-conference\\server\\dist\\middleware\\deserializeUser.js:29:58\n    at Generator.next (<anonymous>)\n    at D:\\Work\\video-conference\\server\\dist\\middleware\\deserializeUser.js:8:71\n    at new Promise (<anonymous>)\n    at __awaiter (D:\\Work\\video-conference\\server\\dist\\middleware\\deserializeUser.js:4:12)\n    at deserializeUser (D:\\Work\\video-conference\\server\\dist\\middleware\\deserializeUser.js:21:12)","name":"JsonWebTokenError"},"msg":"invalid algorithm"}
{"level":30,"time":"2024-08-20T20:37:16+05:30","pid":8780,"hostname":"sunder-kirei","msg":"DB connected"}
{"level":30,"time":"2024-08-20T20:37:16+05:30","pid":8780,"hostname":"sunder-kirei","msg":"Server listening on http:/localhost:3000"}
{"level":50,"time":"2024-08-20T20:37:32+05:30","pid":8780,"hostname":"sunder-kirei","err":{"type":"JsonWebTokenError","message":"invalid signature","stack":"JsonWebTokenError: invalid signature\n    at D:\\Work\\video-conference\\server\\node_modules\\jsonwebtoken\\verify.js:171:19\n    at getSecret (D:\\Work\\video-conference\\server\\node_modules\\jsonwebtoken\\verify.js:97:14)\n    at module.exports [as verify] (D:\\Work\\video-conference\\server\\node_modules\\jsonwebtoken\\verify.js:101:10)\n    at verifyJWT (D:\\Work\\video-conference\\server\\dist\\lib\\jwt.js:21:48)\n    at D:\\Work\\video-conference\\server\\dist\\middleware\\deserializeUser.js:29:58\n    at Generator.next (<anonymous>)\n    at D:\\Work\\video-conference\\server\\dist\\middleware\\deserializeUser.js:8:71\n    at new Promise (<anonymous>)\n    at __awaiter (D:\\Work\\video-conference\\server\\dist\\middleware\\deserializeUser.js:4:12)\n    at deserializeUser (D:\\Work\\video-conference\\server\\dist\\middleware\\deserializeUser.js:21:12)","name":"JsonWebTokenError"},"msg":"invalid signature"}
{"level":30,"time":"2024-08-20T20:38:24+05:30","pid":14972,"hostname":"sunder-kirei","msg":"DB connected"}
{"level":30,"time":"2024-08-20T20:38:24+05:30","pid":14972,"hostname":"sunder-kirei","msg":"Server listening on http:/localhost:3000"}
{"level":50,"time":"2024-08-20T20:38:36+05:30","pid":14972,"hostname":"sunder-kirei","err":{"type":"JsonWebTokenError","message":"invalid signature","stack":"JsonWebTokenError: invalid signature\n    at D:\\Work\\video-conference\\server\\node_modules\\jsonwebtoken\\verify.js:171:19\n    at getSecret (D:\\Work\\video-conference\\server\\node_modules\\jsonwebtoken\\verify.js:97:14)\n    at module.exports [as verify] (D:\\Work\\video-conference\\server\\node_modules\\jsonwebtoken\\verify.js:101:10)\n    at verifyJWT (D:\\Work\\video-conference\\server\\dist\\lib\\jwt.js:21:48)\n    at D:\\Work\\video-conference\\server\\dist\\middleware\\deserializeUser.js:29:58\n    at Generator.next (<anonymous>)\n    at D:\\Work\\video-conference\\server\\dist\\middleware\\deserializeUser.js:8:71\n    at new Promise (<anonymous>)\n    at __awaiter (D:\\Work\\video-conference\\server\\dist\\middleware\\deserializeUser.js:4:12)\n    at deserializeUser (D:\\Work\\video-conference\\server\\dist\\middleware\\deserializeUser.js:21:12)","name":"JsonWebTokenError"},"msg":"invalid signature"}
{"level":50,"time":"2024-08-20T20:39:40+05:30","pid":14972,"hostname":"sunder-kirei","err":{"type":"JsonWebTokenError","message":"invalid signature","stack":"JsonWebTokenError: invalid signature\n    at D:\\Work\\video-conference\\server\\node_modules\\jsonwebtoken\\verify.js:171:19\n    at getSecret (D:\\Work\\video-conference\\server\\node_modules\\jsonwebtoken\\verify.js:97:14)\n    at module.exports [as verify] (D:\\Work\\video-conference\\server\\node_modules\\jsonwebtoken\\verify.js:101:10)\n    at verifyJWT (D:\\Work\\video-conference\\server\\dist\\lib\\jwt.js:21:48)\n    at D:\\Work\\video-conference\\server\\dist\\middleware\\deserializeUser.js:29:58\n    at Generator.next (<anonymous>)\n    at D:\\Work\\video-conference\\server\\dist\\middleware\\deserializeUser.js:8:71\n    at new Promise (<anonymous>)\n    at __awaiter (D:\\Work\\video-conference\\server\\dist\\middleware\\deserializeUser.js:4:12)\n    at deserializeUser (D:\\Work\\video-conference\\server\\dist\\middleware\\deserializeUser.js:21:12)","name":"JsonWebTokenError"},"msg":"invalid signature"}
{"level":50,"time":"2024-08-20T20:39:41+05:30","pid":14972,"hostname":"sunder-kirei","err":{"type":"JsonWebTokenError","message":"invalid signature","stack":"JsonWebTokenError: invalid signature\n    at D:\\Work\\video-conference\\server\\node_modules\\jsonwebtoken\\verify.js:171:19\n    at getSecret (D:\\Work\\video-conference\\server\\node_modules\\jsonwebtoken\\verify.js:97:14)\n    at module.exports [as verify] (D:\\Work\\video-conference\\server\\node_modules\\jsonwebtoken\\verify.js:101:10)\n    at verifyJWT (D:\\Work\\video-conference\\server\\dist\\lib\\jwt.js:21:48)\n    at D:\\Work\\video-conference\\server\\dist\\middleware\\deserializeUser.js:29:58\n    at Generator.next (<anonymous>)\n    at D:\\Work\\video-conference\\server\\dist\\middleware\\deserializeUser.js:8:71\n    at new Promise (<anonymous>)\n    at __awaiter (D:\\Work\\video-conference\\server\\dist\\middleware\\deserializeUser.js:4:12)\n    at deserializeUser (D:\\Work\\video-conference\\server\\dist\\middleware\\deserializeUser.js:21:12)","name":"JsonWebTokenError"},"msg":"invalid signature"}
{"level":50,"time":"2024-08-20T20:39:41+05:30","pid":14972,"hostname":"sunder-kirei","err":{"type":"JsonWebTokenError","message":"invalid signature","stack":"JsonWebTokenError: invalid signature\n    at D:\\Work\\video-conference\\server\\node_modules\\jsonwebtoken\\verify.js:171:19\n    at getSecret (D:\\Work\\video-conference\\server\\node_modules\\jsonwebtoken\\verify.js:97:14)\n    at module.exports [as verify] (D:\\Work\\video-conference\\server\\node_modules\\jsonwebtoken\\verify.js:101:10)\n    at verifyJWT (D:\\Work\\video-conference\\server\\dist\\lib\\jwt.js:21:48)\n    at D:\\Work\\video-conference\\server\\dist\\middleware\\deserializeUser.js:29:58\n    at Generator.next (<anonymous>)\n    at D:\\Work\\video-conference\\server\\dist\\middleware\\deserializeUser.js:8:71\n    at new Promise (<anonymous>)\n    at __awaiter (D:\\Work\\video-conference\\server\\dist\\middleware\\deserializeUser.js:4:12)\n    at deserializeUser (D:\\Work\\video-conference\\server\\dist\\middleware\\deserializeUser.js:21:12)","name":"JsonWebTokenError"},"msg":"invalid signature"}
{"level":50,"time":"2024-08-20T20:39:41+05:30","pid":14972,"hostname":"sunder-kirei","err":{"type":"JsonWebTokenError","message":"invalid signature","stack":"JsonWebTokenError: invalid signature\n    at D:\\Work\\video-conference\\server\\node_modules\\jsonwebtoken\\verify.js:171:19\n    at getSecret (D:\\Work\\video-conference\\server\\node_modules\\jsonwebtoken\\verify.js:97:14)\n    at module.exports [as verify] (D:\\Work\\video-conference\\server\\node_modules\\jsonwebtoken\\verify.js:101:10)\n    at verifyJWT (D:\\Work\\video-conference\\server\\dist\\lib\\jwt.js:21:48)\n    at D:\\Work\\video-conference\\server\\dist\\middleware\\deserializeUser.js:29:58\n    at Generator.next (<anonymous>)\n    at D:\\Work\\video-conference\\server\\dist\\middleware\\deserializeUser.js:8:71\n    at new Promise (<anonymous>)\n    at __awaiter (D:\\Work\\video-conference\\server\\dist\\middleware\\deserializeUser.js:4:12)\n    at deserializeUser (D:\\Work\\video-conference\\server\\dist\\middleware\\deserializeUser.js:21:12)","name":"JsonWebTokenError"},"msg":"invalid signature"}
{"level":50,"time":"2024-08-20T20:39:41+05:30","pid":14972,"hostname":"sunder-kirei","err":{"type":"JsonWebTokenError","message":"invalid signature","stack":"JsonWebTokenError: invalid signature\n    at D:\\Work\\video-conference\\server\\node_modules\\jsonwebtoken\\verify.js:171:19\n    at getSecret (D:\\Work\\video-conference\\server\\node_modules\\jsonwebtoken\\verify.js:97:14)\n    at module.exports [as verify] (D:\\Work\\video-conference\\server\\node_modules\\jsonwebtoken\\verify.js:101:10)\n    at verifyJWT (D:\\Work\\video-conference\\server\\dist\\lib\\jwt.js:21:48)\n    at D:\\Work\\video-conference\\server\\dist\\middleware\\deserializeUser.js:29:58\n    at Generator.next (<anonymous>)\n    at D:\\Work\\video-conference\\server\\dist\\middleware\\deserializeUser.js:8:71\n    at new Promise (<anonymous>)\n    at __awaiter (D:\\Work\\video-conference\\server\\dist\\middleware\\deserializeUser.js:4:12)\n    at deserializeUser (D:\\Work\\video-conference\\server\\dist\\middleware\\deserializeUser.js:21:12)","name":"JsonWebTokenError"},"msg":"invalid signature"}
{"level":50,"time":"2024-08-20T20:39:42+05:30","pid":14972,"hostname":"sunder-kirei","err":{"type":"JsonWebTokenError","message":"invalid signature","stack":"JsonWebTokenError: invalid signature\n    at D:\\Work\\video-conference\\server\\node_modules\\jsonwebtoken\\verify.js:171:19\n    at getSecret (D:\\Work\\video-conference\\server\\node_modules\\jsonwebtoken\\verify.js:97:14)\n    at module.exports [as verify] (D:\\Work\\video-conference\\server\\node_modules\\jsonwebtoken\\verify.js:101:10)\n    at verifyJWT (D:\\Work\\video-conference\\server\\dist\\lib\\jwt.js:21:48)\n    at D:\\Work\\video-conference\\server\\dist\\middleware\\deserializeUser.js:29:58\n    at Generator.next (<anonymous>)\n    at D:\\Work\\video-conference\\server\\dist\\middleware\\deserializeUser.js:8:71\n    at new Promise (<anonymous>)\n    at __awaiter (D:\\Work\\video-conference\\server\\dist\\middleware\\deserializeUser.js:4:12)\n    at deserializeUser (D:\\Work\\video-conference\\server\\dist\\middleware\\deserializeUser.js:21:12)","name":"JsonWebTokenError"},"msg":"invalid signature"}
{"level":30,"time":"2024-08-20T20:39:56+05:30","pid":10192,"hostname":"sunder-kirei","msg":"DB connected"}
{"level":30,"time":"2024-08-20T20:39:56+05:30","pid":10192,"hostname":"sunder-kirei","msg":"Server listening on http:/localhost:3000"}
{"level":30,"time":"2024-08-20T20:41:16+05:30","pid":12512,"hostname":"sunder-kirei","msg":"DB connected"}
{"level":30,"time":"2024-08-20T20:41:16+05:30","pid":12512,"hostname":"sunder-kirei","msg":"Server listening on http:/localhost:3000"}
{"level":50,"time":"2024-08-20T20:41:19+05:30","pid":12512,"hostname":"sunder-kirei","err":{"type":"TypeError","message":"Cannot destructure property 'id' of 'res.locals.user' as it is null.","stack":"TypeError: Cannot destructure property 'id' of 'res.locals.user' as it is null.\n    at D:\\Work\\video-conference\\server\\dist\\routes.js:22:17\n    at Layer.handle [as handle_request] (D:\\Work\\video-conference\\server\\node_modules\\express\\lib\\router\\layer.js:95:5)\n    at next (D:\\Work\\video-conference\\server\\node_modules\\express\\lib\\router\\route.js:149:13)\n    at D:\\Work\\video-conference\\server\\dist\\middleware\\deserializeUser.js:46:9\n    at Generator.next (<anonymous>)\n    at fulfilled (D:\\Work\\video-conference\\server\\dist\\middleware\\deserializeUser.js:5:58)\n    at process.processTicksAndRejections (node:internal/process/task_queues:95:5)"},"msg":"Cannot destructure property 'id' of 'res.locals.user' as it is null."}
{"level":30,"time":"2024-08-20T20:42:01+05:30","pid":17668,"hostname":"sunder-kirei","msg":"DB connected"}
{"level":30,"time":"2024-08-20T20:42:01+05:30","pid":17668,"hostname":"sunder-kirei","msg":"Server listening on http:/localhost:3000"}
{"level":50,"time":"2024-08-20T20:42:04+05:30","pid":17668,"hostname":"sunder-kirei","err":{"type":"TypeError","message":"Cannot destructure property 'id' of 'res.locals.user' as it is null.","stack":"TypeError: Cannot destructure property 'id' of 'res.locals.user' as it is null.\n    at D:\\Work\\video-conference\\server\\dist\\routes.js:22:17\n    at Layer.handle [as handle_request] (D:\\Work\\video-conference\\server\\node_modules\\express\\lib\\router\\layer.js:95:5)\n    at next (D:\\Work\\video-conference\\server\\node_modules\\express\\lib\\router\\route.js:149:13)\n    at D:\\Work\\video-conference\\server\\dist\\middleware\\deserializeUser.js:48:9\n    at Generator.next (<anonymous>)\n    at fulfilled (D:\\Work\\video-conference\\server\\dist\\middleware\\deserializeUser.js:5:58)\n    at process.processTicksAndRejections (node:internal/process/task_queues:95:5)"},"msg":"Cannot destructure property 'id' of 'res.locals.user' as it is null."}
{"level":30,"time":"2024-08-20T20:43:06+05:30","pid":5452,"hostname":"sunder-kirei","msg":"DB connected"}
{"level":30,"time":"2024-08-20T20:43:06+05:30","pid":5452,"hostname":"sunder-kirei","msg":"Server listening on http:/localhost:3000"}
{"level":50,"time":"2024-08-20T20:43:08+05:30","pid":5452,"hostname":"sunder-kirei","err":{"type":"TypeError","message":"Cannot destructure property 'id' of 'res.locals.user' as it is null.","stack":"TypeError: Cannot destructure property 'id' of 'res.locals.user' as it is null.\n    at D:\\Work\\video-conference\\server\\dist\\routes.js:22:17\n    at Layer.handle [as handle_request] (D:\\Work\\video-conference\\server\\node_modules\\express\\lib\\router\\layer.js:95:5)\n    at next (D:\\Work\\video-conference\\server\\node_modules\\express\\lib\\router\\route.js:149:13)\n    at D:\\Work\\video-conference\\server\\dist\\middleware\\deserializeUser.js:48:9\n    at Generator.next (<anonymous>)\n    at fulfilled (D:\\Work\\video-conference\\server\\dist\\middleware\\deserializeUser.js:5:58)\n    at process.processTicksAndRejections (node:internal/process/task_queues:95:5)"},"msg":"Cannot destructure property 'id' of 'res.locals.user' as it is null."}
{"level":30,"time":"2024-08-20T20:43:52+05:30","pid":17104,"hostname":"sunder-kirei","msg":"DB connected"}
{"level":30,"time":"2024-08-20T20:43:52+05:30","pid":17104,"hostname":"sunder-kirei","msg":"Server listening on http:/localhost:3000"}
{"level":50,"time":"2024-08-20T20:43:53+05:30","pid":17104,"hostname":"sunder-kirei","err":{"type":"TypeError","message":"Cannot destructure property 'id' of 'res.locals.user' as it is null.","stack":"TypeError: Cannot destructure property 'id' of 'res.locals.user' as it is null.\n    at D:\\Work\\video-conference\\server\\dist\\routes.js:22:17\n    at Layer.handle [as handle_request] (D:\\Work\\video-conference\\server\\node_modules\\express\\lib\\router\\layer.js:95:5)\n    at next (D:\\Work\\video-conference\\server\\node_modules\\express\\lib\\router\\route.js:149:13)\n    at D:\\Work\\video-conference\\server\\dist\\middleware\\deserializeUser.js:49:9\n    at Generator.next (<anonymous>)\n    at fulfilled (D:\\Work\\video-conference\\server\\dist\\middleware\\deserializeUser.js:5:58)\n    at process.processTicksAndRejections (node:internal/process/task_queues:95:5)"},"msg":"Cannot destructure property 'id' of 'res.locals.user' as it is null."}
{"level":30,"time":"2024-08-20T20:45:00+05:30","pid":9064,"hostname":"sunder-kirei","msg":"DB connected"}
{"level":30,"time":"2024-08-20T20:45:00+05:30","pid":9064,"hostname":"sunder-kirei","msg":"Server listening on http:/localhost:3000"}
{"level":30,"time":"2024-08-20T20:45:19+05:30","pid":15748,"hostname":"sunder-kirei","msg":"DB connected"}
{"level":30,"time":"2024-08-20T20:45:19+05:30","pid":15748,"hostname":"sunder-kirei","msg":"Server listening on http:/localhost:3000"}
{"level":30,"time":"2024-08-20T20:45:47+05:30","pid":14876,"hostname":"sunder-kirei","msg":"DB connected"}
{"level":30,"time":"2024-08-20T20:45:47+05:30","pid":14876,"hostname":"sunder-kirei","msg":"Server listening on http:/localhost:3000"}
{"level":30,"time":"2024-08-20T20:50:45+05:30","pid":10116,"hostname":"sunder-kirei","msg":"DB connected"}
{"level":30,"time":"2024-08-20T20:50:45+05:30","pid":10116,"hostname":"sunder-kirei","msg":"Server listening on http:/localhost:3000"}
{"level":30,"time":"2024-08-20T20:53:13+05:30","pid":3484,"hostname":"sunder-kirei","msg":"DB connected"}
{"level":30,"time":"2024-08-20T20:53:13+05:30","pid":3484,"hostname":"sunder-kirei","msg":"Server listening on http:/localhost:3000"}
{"level":30,"time":"2024-08-20T20:56:16+05:30","pid":2336,"hostname":"sunder-kirei","msg":"DB connected"}
{"level":30,"time":"2024-08-20T20:56:16+05:30","pid":2336,"hostname":"sunder-kirei","msg":"Server listening on http:/localhost:3000"}
